<?xml version="1.0" encoding="UTF-8"?>
<!-- Generated by org.testng.reporters.JUnitReportReporter -->
<testsuite skipped="0" hostname="Adwait" name="com.regulusit.test.AddUserTest" tests="1" failures="0" timestamp="2020-05-20T09:13:08 IST" time="132.680" errors="0">
  <testcase name="addNewUser" time="132.680" classname="com.regulusit.test.AddUserTest"/>
  <system-out/>
</testsuite> <!-- com.regulusit.test.AddUserTest -->
